# JRE version: Java(TM) SE Runtime Environment (12.0.1+12) (build 12.0.1+12)
# Java VM: Java HotSpot(TM) 64-Bit Server VM (12.0.1+12, mixed mode, sharing, tiered, compressed oops, g1 gc, windows-amd64)
Heap:
 garbage-first heap   total 70656K, used 31139K [0x00000000cc800000, 0x0000000100000000)
  region size 1024K, 4 young (4096K), 2 survivors (2048K)
 Metaspace       used 46430K, capacity 47608K, committed 47744K, reserved 1091584K
  class space    used 5992K, capacity 6428K, committed 6528K, reserved 1048576K
GC Heap History (10 events):
Event: 16.169 GC heap before
{Heap before GC invocations=20 (full 0):
 garbage-first heap   total 70656K, used 27291K [0x00000000cc800000, 0x0000000100000000)
  region size 1024K, 4 young (4096K), 1 survivors (1024K)
 Metaspace       used 34646K, capacity 35714K, committed 35840K, reserved 1081344K
  class space    used 4310K, capacity 4757K, committed 4864K, reserved 1048576K
}
Event: 16.174 GC heap after
{Heap after GC invocations=21 (full 0):
 garbage-first heap   total 70656K, used 25368K [0x00000000cc800000, 0x0000000100000000)
  region size 1024K, 2 young (2048K), 2 survivors (2048K)
 Metaspace       used 34646K, capacity 35714K, committed 35840K, reserved 1081344K
  class space    used 4310K, capacity 4757K, committed 4864K, reserved 1048576K
}
Event: 17.796 GC heap before
{Heap before GC invocations=22 (full 0):
 garbage-first heap   total 70656K, used 43800K [0x00000000cc800000, 0x0000000100000000)
  region size 1024K, 20 young (20480K), 2 survivors (2048K)
 Metaspace       used 35107K, capacity 36305K, committed 36608K, reserved 1081344K
  class space    used 4369K, capacity 4805K, committed 4864K, reserved 1048576K
}
Event: 17.805 GC heap after
{Heap after GC invocations=23 (full 0):
 garbage-first heap   total 70656K, used 26507K [0x00000000cc800000, 0x0000000100000000)
  region size 1024K, 3 young (3072K), 3 survivors (3072K)
 Metaspace       used 35107K, capacity 36305K, committed 36608K, reserved 1081344K
  class space    used 4369K, capacity 4805K, committed 4864K, reserved 1048576K
}
Event: 20.791 GC heap before
{Heap before GC invocations=23 (full 0):
 garbage-first heap   total 70656K, used 45963K [0x00000000cc800000, 0x0000000100000000)
  region size 1024K, 22 young (22528K), 3 survivors (3072K)
 Metaspace       used 39002K, capacity 40083K, committed 40320K, reserved 1085440K
  class space    used 4745K, capacity 5145K, committed 5248K, reserved 1048576K
}
Event: 20.804 GC heap after
{Heap after GC invocations=24 (full 0):
 garbage-first heap   total 70656K, used 28246K [0x00000000cc800000, 0x0000000100000000)
  region size 1024K, 3 young (3072K), 3 survivors (3072K)
 Metaspace       used 39002K, capacity 40083K, committed 40320K, reserved 1085440K
  class space    used 4745K, capacity 5145K, committed 5248K, reserved 1048576K
}
Event: 22.545 GC heap before
{Heap before GC invocations=24 (full 0):
 garbage-first heap   total 70656K, used 48726K [0x00000000cc800000, 0x0000000100000000)
  region size 1024K, 23 young (23552K), 3 survivors (3072K)
 Metaspace       used 43032K, capacity 44185K, committed 44416K, reserved 1087488K
  class space    used 5524K, capacity 5956K, committed 6016K, reserved 1048576K
}
Event: 22.555 GC heap after
{Heap after GC invocations=25 (full 0):
 garbage-first heap   total 70656K, used 29129K [0x00000000cc800000, 0x0000000100000000)
  region size 1024K, 1 young (1024K), 1 survivors (1024K)
 Metaspace       used 43032K, capacity 44185K, committed 44416K, reserved 1087488K
  class space    used 5524K, capacity 5956K, committed 6016K, reserved 1048576K
}
Event: 24.651 GC heap before
{Heap before GC invocations=25 (full 0):
 garbage-first heap   total 70656K, used 49609K [0x00000000cc800000, 0x0000000100000000)
  region size 1024K, 21 young (21504K), 1 survivors (1024K)
 Metaspace       used 46410K, capacity 47608K, committed 47744K, reserved 1091584K
  class space    used 5991K, capacity 6428K, committed 6528K, reserved 1048576K
}
Event: 24.663 GC heap after
{Heap after GC invocations=26 (full 0):
 garbage-first heap   total 70656K, used 30115K [0x00000000cc800000, 0x0000000100000000)
  region size 1024K, 2 young (2048K), 2 survivors (2048K)
 Metaspace       used 46410K, capacity 47608K, committed 47744K, reserved 1091584K
  class space    used 5991K, capacity 6428K, committed 6528K, reserved 1048576K
}

